[2025-06-07 11:46:11,677] INFO __main__: Previous Last update: 2025-06-07 11:45:11
[2025-06-07 11:46:11,678] INFO __main__: Scraping WSP show data...
[2025-06-07 11:46:17,793] INFO __main__: Scraped 3,229 shows.
[2025-06-07 11:46:17,793] INFO __main__: Scraping WSP song catalog...
[2025-06-07 11:46:19,734] INFO __main__: Scraped 696 songs.
[2025-06-07 11:46:19,735] INFO __main__: Scraping WSP setlists...
[2025-06-07 11:46:28,886] INFO __main__: Scraped/updated setlist data for all years now has 62,173 rows.
[2025-06-07 11:46:28,887] INFO __main__: Saving WSP data...
[2025-06-07 11:46:29,354] INFO __main__: WSP scraping pipeline completed in 17.68 seconds.
[2025-06-07 11:48:03,861] INFO __main__: Previous Last update: 2025-06-07 11:46:29
[2025-06-07 11:48:03,862] INFO __main__: Scraping WSP show data...
[2025-06-07 11:48:10,429] INFO __main__: Scraped 3,229 shows.
[2025-06-07 11:48:10,429] INFO __main__: Scraping WSP song catalog...
[2025-06-07 11:48:12,326] INFO __main__: Scraped 696 songs.
[2025-06-07 11:48:12,326] INFO __main__: Scraping WSP setlists...
[2025-06-07 11:48:21,605] INFO __main__: Scraped/updated setlist data for all years now has 62,173 rows.
[2025-06-07 11:48:21,606] INFO __main__: Saving WSP data...
[2025-06-07 11:48:21,940] INFO __main__: WSP scraping pipeline completed in 18.08 seconds.
[2025-06-07 11:50:26,247] INFO __main__: Previous Last update: 2025-06-07 11:48:21
[2025-06-07 11:50:26,247] INFO __main__: Scraping WSP show data...
[2025-06-07 11:50:32,279] INFO __main__: Scraped 3,229 shows.
[2025-06-07 11:50:32,279] INFO __main__: Scraping WSP song catalog...
[2025-06-07 11:50:34,367] INFO __main__: Scraped 696 songs.
[2025-06-07 11:50:34,367] INFO __main__: Scraping WSP setlists...
[2025-06-07 11:50:43,543] INFO __main__: Scraped/updated setlist data for all years now has 62,173 rows.
[2025-06-07 11:50:43,544] INFO __main__: Saving WSP data...
[2025-06-07 11:50:44,040] INFO __main__: WSP scraping pipeline completed in 17.79 seconds.
[2025-06-07 11:58:38,042] INFO __main__: Previous Last update: 2025-06-07 11:50:44
[2025-06-07 11:58:38,043] INFO __main__: Scraping WSP show data...
[2025-06-07 11:58:44,233] INFO __main__: Scraped 3,229 shows.
[2025-06-07 11:58:44,233] INFO __main__: Scraping WSP song catalog...
[2025-06-07 11:58:46,121] INFO __main__: Scraped 696 songs.
[2025-06-07 11:58:46,121] INFO __main__: Scraping WSP setlists...
[2025-06-07 11:58:55,211] INFO __main__: Scraped/updated setlist data for all years now has 62,173 rows.
[2025-06-07 11:58:55,211] INFO __main__: Saving WSP data...
[2025-06-07 11:58:55,671] INFO __main__: WSP scraping pipeline completed in 17.63 seconds.
[2025-06-07 12:18:17,420] INFO __main__: Previous Last update: 2025-06-07 11:58:55
[2025-06-07 12:18:17,421] INFO __main__: Scraping WSP show data...
[2025-06-07 12:18:23,928] INFO __main__: Scraped 3,229 shows.
[2025-06-07 12:18:23,928] INFO __main__: Scraping WSP song catalog...
[2025-06-07 12:18:25,902] INFO __main__: Scraped 696 songs.
[2025-06-07 12:18:25,902] INFO __main__: Scraping WSP setlists...
[2025-06-07 12:18:35,363] INFO __main__: Scraped/updated setlist data for all years now has 62,173 rows.
[2025-06-07 12:18:35,364] INFO __main__: Saving WSP data...
[2025-06-07 12:18:35,776] INFO __main__: WSP scraping pipeline completed in 18.35 seconds.
