[2025-05-25 11:26:25,520] INFO band_pipeline: Starting Phish pipeline...
[2025-05-25 11:26:26,341] INFO band_pipeline: [Phish] [2025-05-25 11:26:26,341] INFO __main__: Previous Last update: 05/25/2025 11:26
[2025-05-25 11:26:26,341] INFO band_pipeline: [Phish] [2025-05-25 11:26:26,341] INFO __main__: Loading Song Data
[2025-05-25 11:26:27,645] INFO band_pipeline: [Phish] [2025-05-25 11:26:27,644] INFO __main__: Loading Show and Venue Data
[2025-05-25 11:26:27,958] INFO band_pipeline: [Phish] [2025-05-25 11:26:27,957] INFO __main__: Loading Setlist and Transition Data
[2025-05-25 11:26:36,891] INFO band_pipeline: [Phish] [2025-05-25 11:26:36,890] INFO __main__: Phish pipeline completed in 10.55 seconds.
[2025-05-25 11:26:37,007] INFO band_pipeline: Phish pipeline completed successfully.
[2025-05-25 11:26:37,007] INFO band_pipeline: Finished Phish pipeline.
[2025-05-25 11:26:37,007] INFO band_pipeline: Starting Goose pipeline...
[2025-05-25 11:26:38,316] INFO band_pipeline: [Goose] [2025-05-25 11:26:38,316] INFO __main__: Previous Last update: 05/25/2025 11:26
[2025-05-25 11:26:38,317] INFO band_pipeline: [Goose] [2025-05-25 11:26:38,316] INFO __main__: Loading Song Data
[2025-05-25 11:26:39,172] INFO band_pipeline: [Goose] [2025-05-25 11:26:39,172] INFO __main__: Loading Show, Venue, and Tour Data
[2025-05-25 11:26:39,477] INFO band_pipeline: [Goose] [2025-05-25 11:26:39,477] INFO __main__: Loading Setlist and Transition Data
[2025-05-25 11:26:40,172] INFO band_pipeline: [Goose] [2025-05-25 11:26:40,172] INFO __main__: Goose pipeline completed in 1.86 seconds.
[2025-05-25 11:26:40,268] INFO band_pipeline: Goose pipeline completed successfully.
[2025-05-25 11:26:40,268] INFO band_pipeline: Finished Goose pipeline.
[2025-05-25 11:26:40,268] INFO band_pipeline: Starting UM pipeline...
[2025-05-25 11:26:41,216] INFO band_pipeline: [UM] [2025-05-25 11:26:41,216] INFO __main__: Previous Last update: 2025-05-24 16:15:09
[2025-05-25 11:26:41,217] INFO band_pipeline: [UM] [2025-05-25 11:26:41,216] INFO __main__: Scraping latest song data...
[2025-05-25 11:26:46,597] INFO band_pipeline: [UM] [2025-05-25 11:26:46,597] INFO __main__: Scraping latest venue data...
[2025-05-25 11:26:48,238] INFO band_pipeline: [UM] [2025-05-25 11:26:48,238] INFO scrape_shows: Scraped 922 venues from https://allthings.umphreys.com/venues/
[2025-05-25 11:26:48,239] INFO band_pipeline: [UM] [2025-05-25 11:26:48,239] INFO __main__: Scraping full setlist data...
[2025-05-25 11:26:49,799] INFO band_pipeline: [UM] [2025-05-25 11:26:49,799] INFO scrape_setlists: Found 86 setlists for 2024.
[2025-05-25 11:26:50,825] INFO band_pipeline: [UM] [2025-05-25 11:26:50,825] INFO scrape_setlists: Found 43 setlists for 2025.
[2025-05-25 11:26:50,825] INFO band_pipeline: [UM] [2025-05-25 11:26:50,825] INFO scrape_setlists: 129 total shows found.
[2025-05-25 11:26:50,971] INFO band_pipeline: [UM] [2025-05-25 11:26:50,971] INFO scrape_setlists: Found 2,848 existing setlists.
[2025-05-25 11:26:50,975] INFO band_pipeline: [UM] [2025-05-25 11:26:50,975] INFO scrape_setlists: There are 2 new setlists to scrape.
[2025-05-25 11:26:51,463] INFO band_pipeline: [UM] [2025-05-25 11:26:51,463] INFO __main__: Fetched 46,773 setlist songs for 2,848 shows.
[2025-05-25 11:26:52,077] INFO band_pipeline: [UM] [2025-05-25 11:26:52,077] INFO __main__: UM pipeline completed in 10.86 seconds.
[2025-05-25 11:26:52,175] INFO band_pipeline: UM pipeline completed successfully.
[2025-05-25 11:26:52,175] INFO band_pipeline: Finished UM pipeline.
[2025-05-25 11:26:52,176] INFO band_pipeline: Starting WSP pipeline...
[2025-05-25 11:26:53,017] INFO band_pipeline: [WSP] [2025-05-25 11:26:53,017] INFO __main__: Previous Last update: 2025-05-24 16:15:25
[2025-05-25 11:26:53,017] INFO band_pipeline: [WSP] [2025-05-25 11:26:53,017] INFO __main__: Scraping WSP show data...
[2025-05-25 11:27:00,249] INFO band_pipeline: [WSP] [2025-05-25 11:27:00,249] INFO __main__: Scraped 3,229 shows.
[2025-05-25 11:27:00,250] INFO band_pipeline: [WSP] [2025-05-25 11:27:00,249] INFO __main__: Scraping WSP song catalog...
[2025-05-25 11:27:02,521] INFO band_pipeline: [WSP] [2025-05-25 11:27:02,521] INFO __main__: Scraped 696 songs.
[2025-05-25 11:27:02,521] INFO band_pipeline: [WSP] [2025-05-25 11:27:02,521] INFO __main__: Scraping WSP setlists...
[2025-05-25 11:27:02,594] INFO band_pipeline: [WSP] [2025-05-25 11:27:02,593] INFO scrape_setlists: Loaded existing setlistdata.csv with 62,109 rows.
[2025-05-25 11:27:02,594] INFO band_pipeline: [WSP] [2025-05-25 11:27:02,593] INFO scrape_setlists: Updating Existing WSP Setlist Data
[2025-05-25 11:27:11,211] INFO band_pipeline: [WSP] [2025-05-25 11:27:11,211] WARNING scrape_setlists: No setlist data returned for date 06/04/2025, skipping.
[2025-05-25 11:27:11,377] INFO band_pipeline: [WSP] [2025-05-25 11:27:11,377] WARNING scrape_setlists: No setlist data returned for date 06/05/2025, skipping.
[2025-05-25 11:27:11,540] INFO band_pipeline: [WSP] [2025-05-25 11:27:11,540] WARNING scrape_setlists: No setlist data returned for date 06/06/2025, skipping.
[2025-05-25 11:27:11,553] INFO band_pipeline: [WSP] [2025-05-25 11:27:11,553] INFO __main__: Scraped/updated setlist data for all years now has 62,109 rows.
[2025-05-25 11:27:11,554] INFO band_pipeline: [WSP] [2025-05-25 11:27:11,553] INFO __main__: Saving WSP data...
[2025-05-25 11:27:11,945] INFO band_pipeline: [WSP] [2025-05-25 11:27:11,944] INFO export_data: Found next show: 2025-06-04 at Chicago Theatre in Chicago, IL
[2025-05-25 11:27:11,945] INFO band_pipeline: [WSP] [2025-05-25 11:27:11,945] INFO __main__: WSP scraping pipeline completed in 18.93 seconds.
[2025-05-25 11:27:12,058] INFO band_pipeline: WSP pipeline completed successfully.
[2025-05-25 11:27:12,058] INFO band_pipeline: Finished WSP pipeline.
[2025-05-25 11:27:12,059] INFO band_pipeline: All band pipelines completed in 46.54 seconds.
[2025-05-26 11:45:49,890] INFO __main__: Previous Last update: 2025-05-25 11:26:52
[2025-05-26 11:45:49,890] INFO __main__: Scraping latest song data...
[2025-05-26 11:45:54,984] INFO __main__: Scraping latest venue data...
[2025-05-26 11:45:56,766] INFO scrape_venues: Scraped 922 venues from https://allthings.umphreys.com/venues/
[2025-05-26 11:45:56,767] INFO __main__: Scraping full setlist data...
[2025-05-26 11:45:58,395] INFO scrape_setlists: Found 86 setlists for 2024.
[2025-05-26 11:45:59,388] INFO scrape_setlists: Found 43 setlists for 2025.
[2025-05-26 11:45:59,388] INFO scrape_setlists: 129 total shows found.
[2025-05-26 11:45:59,550] INFO scrape_setlists: Found 2,848 existing setlists.
[2025-05-26 11:45:59,555] INFO scrape_setlists: There are 2 new setlists to scrape.
[2025-05-26 11:46:00,068] WARNING scrape_setlists: Missed 1 setlists: ['https://allthings.umphreys.com/setlists/umphreys-mcgee-may-25-2025-cohabspace-high-point-nc-usa.html']
[2025-05-26 11:46:00,141] INFO __main__: Fetched 46,785 setlist songs for 2,849 shows.
[2025-05-26 11:46:00,201] INFO scrape_shows: Saved showdata.csv with 2849 shows to /Users/connorkitchings/Desktop/Repositories/Concerts/3 - Data/UM/AllThingsUM/showdata.csv
[2025-05-26 11:46:00,960] INFO __main__: UM pipeline completed in 11.07 seconds.
[2025-05-26 11:53:23,765] INFO __main__: Previous Last update: 05/25/2025 11:26
[2025-05-26 11:53:23,766] INFO __main__: Loading Song Data
[2025-05-26 11:53:25,674] INFO __main__: Loading Show and Venue Data
[2025-05-26 11:53:26,188] INFO __main__: Loading Setlist and Transition Data
[2025-05-26 11:53:34,066] ERROR __main__: Phish pipeline failed: Object of type Timestamp is not JSON serializable
Traceback (most recent call last):
  File "/Users/connorkitchings/Desktop/Repositories/Concerts/1 - Setlist Creation/Phish/run_pipeline.py", line 46, in main
    save_phish_data(song_data, show_data, venue_data, setlist_data, transition_data, data_dir)
  File "/Users/connorkitchings/Desktop/Repositories/Concerts/1 - Setlist Creation/Phish/export_data.py", line 29, in save_phish_data
    json.dump({"next_show": next_show_record}, f, indent=2)
  File "/Library/Frameworks/Python.framework/Versions/3.10/lib/python3.10/json/__init__.py", line 179, in dump
    for chunk in iterable:
  File "/Library/Frameworks/Python.framework/Versions/3.10/lib/python3.10/json/encoder.py", line 431, in _iterencode
    yield from _iterencode_dict(o, _current_indent_level)
  File "/Library/Frameworks/Python.framework/Versions/3.10/lib/python3.10/json/encoder.py", line 405, in _iterencode_dict
    yield from chunks
  File "/Library/Frameworks/Python.framework/Versions/3.10/lib/python3.10/json/encoder.py", line 405, in _iterencode_dict
    yield from chunks
  File "/Library/Frameworks/Python.framework/Versions/3.10/lib/python3.10/json/encoder.py", line 438, in _iterencode
    o = _default(o)
  File "/Library/Frameworks/Python.framework/Versions/3.10/lib/python3.10/json/encoder.py", line 179, in default
    raise TypeError(f'Object of type {o.__class__.__name__} '
TypeError: Object of type Timestamp is not JSON serializable

[2025-05-26 11:54:06,683] INFO __main__: Previous Last update: 05/25/2025 11:26
[2025-05-26 11:54:06,683] INFO __main__: Loading Song Data
[2025-05-26 11:54:08,310] INFO __main__: Loading Show and Venue Data
[2025-05-26 11:54:08,676] INFO __main__: Loading Setlist and Transition Data
[2025-05-26 11:54:18,027] ERROR __main__: Phish pipeline failed: name 'pd' is not defined
Traceback (most recent call last):
  File "/Users/connorkitchings/Desktop/Repositories/Concerts/1 - Setlist Creation/Phish/run_pipeline.py", line 46, in main
    save_phish_data(song_data, show_data, venue_data, setlist_data, transition_data, data_dir)
  File "/Users/connorkitchings/Desktop/Repositories/Concerts/1 - Setlist Creation/Phish/export_data.py", line 29, in save_phish_data
    if isinstance(next_show_record.get("showdate"), (pd.Timestamp, datetime)):
NameError: name 'pd' is not defined

[2025-05-26 11:54:30,107] INFO __main__: Previous Last update: 05/25/2025 11:26
[2025-05-26 11:54:30,108] INFO __main__: Loading Song Data
[2025-05-26 11:54:31,530] INFO __main__: Loading Show and Venue Data
[2025-05-26 11:54:31,936] INFO __main__: Loading Setlist and Transition Data
[2025-05-26 11:54:41,452] INFO __main__: Phish pipeline completed in 11.34 seconds.
