[06-08-2025 15:51:40,760] INFO run_all_pipeline: Starting Phish pipeline...
[06-08-2025 15:51:40,760] INFO run_all_pipeline: ===== Running Phish pipeline =====
[06-08-2025 15:51:41,426] INFO run_all_pipeline: [Phish] [06-08-2025 15:51:41,426] INFO __main__: Previous Last update: 06/08/2025 15:45
[06-08-2025 15:51:41,427] INFO run_all_pipeline: [Phish] [06-08-2025 15:51:41,426] INFO __main__: Loading Song Data
[06-08-2025 15:51:42,979] INFO run_all_pipeline: [Phish] [06-08-2025 15:51:42,978] INFO __main__: Loading Show and Venue Data
[06-08-2025 15:51:43,453] INFO run_all_pipeline: [Phish] [06-08-2025 15:51:43,453] INFO __main__: Loading Setlist and Transition Data
[06-08-2025 15:51:51,341] INFO run_all_pipeline: [Phish] [06-08-2025 15:51:51,337] INFO __main__: load_setlist_data returned. Setlist data rows: 64,157, Transition data rows: 7
[06-08-2025 15:51:51,658] INFO run_all_pipeline: [Phish] [06-08-2025 15:51:51,658] INFO __main__: Phish pipeline completed in 10.23 seconds.
[06-08-2025 15:51:51,759] INFO run_all_pipeline: Phish pipeline completed successfully.
[06-08-2025 15:51:51,760] INFO run_all_pipeline: Finished Phish pipeline.
[06-08-2025 15:51:51,760] INFO run_all_pipeline: Starting Goose pipeline...
[06-08-2025 15:51:51,760] INFO run_all_pipeline: ===== Running Goose pipeline =====
[06-08-2025 15:51:52,763] INFO run_all_pipeline: [Goose] [06-08-2025 15:51:52,763] INFO __main__: Previous Last update: 06/08/2025 15:44
[06-08-2025 15:51:52,764] INFO run_all_pipeline: [Goose] [06-08-2025 15:51:52,763] INFO __main__: Loading Song Data
[06-08-2025 15:51:53,901] INFO run_all_pipeline: [Goose] [06-08-2025 15:51:53,901] INFO __main__: Loading Show, Venue, and Tour Data
[06-08-2025 15:51:54,378] INFO run_all_pipeline: [Goose] [06-08-2025 15:51:54,377] INFO __main__: Loading Setlist and Transition Data
[06-08-2025 15:51:55,502] INFO run_all_pipeline: [Goose] [06-08-2025 15:51:55,502] INFO __main__: Goose pipeline completed in 2.74 seconds.
[06-08-2025 15:51:55,588] INFO run_all_pipeline: Goose pipeline completed successfully.
[06-08-2025 15:51:55,588] INFO run_all_pipeline: Finished Goose pipeline.
[06-08-2025 15:51:55,589] INFO run_all_pipeline: Starting UM pipeline...
[06-08-2025 15:51:55,589] INFO run_all_pipeline: ===== Running UM pipeline =====
[06-08-2025 15:51:56,190] INFO run_all_pipeline: [UM] [06-08-2025 15:51:56,190] INFO __main__: Previous Last update: 06/08/2025 15:47
[06-08-2025 15:51:56,190] INFO run_all_pipeline: [UM] [06-08-2025 15:51:56,190] INFO __main__: Scraping latest song data...
[06-08-2025 15:52:01,005] INFO run_all_pipeline: [UM] [06-08-2025 15:52:01,005] INFO __main__: Song scraping completed. Found 1020 songs.
[06-08-2025 15:52:01,006] INFO run_all_pipeline: [UM] [06-08-2025 15:52:01,005] INFO __main__: Scraping latest venue data...
[06-08-2025 15:52:02,764] INFO run_all_pipeline: [UM] [06-08-2025 15:52:02,763] INFO scrape_venues: Scraped 923 venues from https://allthings.umphreys.com/venues/
[06-08-2025 15:52:02,764] INFO run_all_pipeline: [UM] [06-08-2025 15:52:02,764] INFO __main__: Scraping full setlist data...
[06-08-2025 15:52:04,480] INFO run_all_pipeline: [UM] [06-08-2025 15:52:04,480] INFO scrape_setlists: Found 86 setlists for 2024.
[06-08-2025 15:52:05,659] INFO run_all_pipeline: [UM] [06-08-2025 15:52:05,658] INFO scrape_setlists: Found 47 setlists for 2025.
[06-08-2025 15:52:05,659] INFO run_all_pipeline: [UM] [06-08-2025 15:52:05,659] INFO scrape_setlists: 133 total shows found.
[06-08-2025 15:52:05,799] INFO run_all_pipeline: [UM] [06-08-2025 15:52:05,799] INFO scrape_setlists: Found 2,854 existing setlists.
[06-08-2025 15:52:05,804] INFO run_all_pipeline: [UM] [06-08-2025 15:52:05,803] INFO scrape_setlists: There are 0 new setlists to scrape.
[06-08-2025 15:52:05,804] INFO run_all_pipeline: [UM] [06-08-2025 15:52:05,804] INFO scrape_setlists: No new setlists to scrape.
[06-08-2025 15:52:05,811] INFO run_all_pipeline: [UM] [06-08-2025 15:52:05,811] INFO __main__: Fetched 46,858 setlist songs for 2,854 shows.
[06-08-2025 15:52:05,864] INFO run_all_pipeline: [UM] [06-08-2025 15:52:05,864] INFO scrape_shows: Saved showdata.csv with 2,854 shows to ../3_DataStorage/UM/Collected/showdata.csv
[06-08-2025 15:52:06,213] INFO run_all_pipeline: [UM] [06-08-2025 15:52:06,213] INFO __main__: UM pipeline completed in 10.02 seconds.
[06-08-2025 15:52:06,215] INFO run_all_pipeline: [UM] Concerts/3_DataStorage/UM/Collected/showdata.csv
[06-08-2025 15:52:06,285] INFO run_all_pipeline: UM pipeline completed successfully.
[06-08-2025 15:52:06,285] INFO run_all_pipeline: Finished UM pipeline.
[06-08-2025 15:52:06,286] INFO run_all_pipeline: Starting WSP pipeline...
[06-08-2025 15:52:06,286] INFO run_all_pipeline: ===== Running WSP pipeline =====
[06-08-2025 15:52:06,886] INFO run_all_pipeline: [WSP] [06-08-2025 15:52:06,886] INFO __main__: Previous Last update: 06/08/2025 15:49
[06-08-2025 15:52:06,887] INFO run_all_pipeline: [WSP] [06-08-2025 15:52:06,886] INFO __main__: Scraping WSP show data...
[06-08-2025 15:52:13,393] INFO run_all_pipeline: [WSP] [06-08-2025 15:52:13,392] INFO __main__: Scraped 3,229 shows.
[06-08-2025 15:52:13,393] INFO run_all_pipeline: [WSP] [06-08-2025 15:52:13,393] INFO __main__: Scraping WSP song catalog...
[06-08-2025 15:52:14,357] INFO run_all_pipeline: [WSP] [06-08-2025 15:52:14,357] INFO __main__: Scraped 696 songs.
[06-08-2025 15:52:14,357] INFO run_all_pipeline: [WSP] [06-08-2025 15:52:14,357] INFO __main__: Scraping WSP setlists...
[06-08-2025 15:52:14,422] INFO scrape_setlists: Loaded existing setlistdata.csv with 62,173 rows.
[06-08-2025 15:52:14,422] INFO scrape_setlists: Updating Existing WSP Setlist Data
[06-08-2025 15:52:14,422] INFO run_all_pipeline: [WSP] [06-08-2025 15:52:14,422] INFO scrape_setlists: Loaded existing setlistdata.csv with 62,173 rows.
[06-08-2025 15:52:14,423] INFO run_all_pipeline: [WSP] [06-08-2025 15:52:14,422] INFO scrape_setlists: Updating Existing WSP Setlist Data
[06-08-2025 15:52:22,680] INFO run_all_pipeline: [WSP] [06-08-2025 15:52:22,680] INFO __main__: Scraped/updated setlist data for all years now has 62,173 rows.
[06-08-2025 15:52:22,681] INFO run_all_pipeline: [WSP] [06-08-2025 15:52:22,680] INFO __main__: Saving WSP data...
[06-08-2025 15:52:22,898] INFO export_data: No future shows found in schedule
[06-08-2025 15:52:22,899] INFO run_all_pipeline: [WSP] [06-08-2025 15:52:22,898] INFO export_data: No future shows found in schedule
[06-08-2025 15:52:22,899] INFO run_all_pipeline: [WSP] [06-08-2025 15:52:22,899] INFO __main__: WSP scraping pipeline completed in 16.01 seconds.
[06-08-2025 15:52:22,983] INFO run_all_pipeline: WSP pipeline completed successfully.
[06-08-2025 15:52:22,983] INFO run_all_pipeline: Finished WSP pipeline.
[06-08-2025 15:52:22,984] INFO run_all_pipeline: All band pipelines completed in 42.22 seconds.
