[2025-05-23 21:46:04,562] INFO __main__: Previous Last update: 2025-05-23 20:58:29
[2025-05-23 21:46:04,562] INFO __main__: Scraping latest song data...
[2025-05-23 21:46:09,695] INFO __main__: Scraping latest venue data...
[2025-05-23 21:46:11,887] INFO scrape_shows: Scraped 922 venues from https://allthings.umphreys.com/venues/
[2025-05-23 21:46:11,891] INFO __main__: Scraping full setlist data...
[2025-05-23 21:46:13,540] INFO scrape_setlists: Found 86 setlists for 2024.
[2025-05-23 21:46:14,708] INFO scrape_setlists: Found 41 setlists for 2025.
[2025-05-23 21:46:14,708] INFO scrape_setlists: 127 total shows found.
[2025-05-23 21:46:14,859] INFO scrape_setlists: Found 2,847 existing setlists.
[2025-05-23 21:46:14,864] INFO scrape_setlists: There are 1 new setlists to scrape.
[2025-05-23 21:46:15,147] INFO __main__: Fetched 46,757 setlist songs for 2,847 shows.
[2025-05-23 21:46:15,644] INFO __main__: UM pipeline completed in 11.08 seconds.
[2025-05-23 21:53:34,197] INFO __main__: Previous Last update: 2025-05-23 21:46:15
[2025-05-23 21:53:34,197] INFO __main__: Scraping latest song data...
[2025-05-23 21:53:39,930] INFO __main__: Scraping latest venue data...
[2025-05-23 21:53:41,593] INFO scrape_shows: Scraped 922 venues from https://allthings.umphreys.com/venues/
[2025-05-23 21:53:41,594] INFO __main__: Scraping full setlist data...
[2025-05-23 21:53:43,650] INFO scrape_setlists: Found 86 setlists for 2024.
[2025-05-23 21:53:45,330] INFO scrape_setlists: Found 41 setlists for 2025.
[2025-05-23 21:53:45,330] INFO scrape_setlists: 127 total shows found.
[2025-05-23 21:53:45,461] INFO scrape_setlists: Found 2,847 existing setlists.
[2025-05-23 21:53:45,465] INFO scrape_setlists: There are 1 new setlists to scrape.
[2025-05-23 21:53:45,818] INFO __main__: Fetched 46,757 setlist songs for 2,847 shows.
[2025-05-23 21:53:46,308] INFO __main__: UM pipeline completed in 12.11 seconds.
