[06-13-2025 20:27:37,622] INFO __main__: Previous Last update: 2025-06-08 16:28:12
[06-13-2025 20:27:37,622] INFO __main__: Loading Song Data
[06-13-2025 20:27:38,641] INFO __main__: Loading Show, Venue, and Tour Data
[06-13-2025 20:27:38,983] INFO __main__: Loading Setlist and Transition Data
[06-13-2025 20:27:39,929] INFO __main__: Goose pipeline completed in 2.31 seconds.
[06-13-2025 21:28:09,795] INFO __main__: Previous Last update: 2025-06-13 20:27:39
[06-13-2025 21:28:09,796] INFO __main__: Loading Song Data
[06-13-2025 21:28:10,765] INFO __main__: Loading Show, Venue, and Tour Data
[06-13-2025 21:28:11,137] INFO __main__: Loading Setlist and Transition Data
[06-13-2025 21:28:12,217] INFO __main__: Goose pipeline completed in 2.42 seconds.
[06-14-2025 19:30:39,725] INFO __main__: Previous Last update: 2025-06-13 21:28:12
[06-14-2025 19:30:39,725] INFO __main__: Loading Song Data
[06-14-2025 19:30:40,718] INFO __main__: Loading Show, Venue, and Tour Data
[06-14-2025 19:30:41,069] INFO __main__: Loading Setlist and Transition Data
[06-14-2025 19:30:42,057] INFO __main__: Goose pipeline completed in 2.33 seconds.
[06-17-2025 17:41:08,207] INFO __main__: Previous Last update: 2025-06-14 19:30:42
[06-17-2025 17:41:08,208] INFO __main__: Loading Song Data
[06-17-2025 17:41:09,529] INFO __main__: Loading Show, Venue, and Tour Data
[06-17-2025 17:41:09,967] INFO __main__: Loading Setlist and Transition Data
[06-17-2025 17:41:11,159] INFO __main__: Goose pipeline completed in 2.95 seconds.
