[2025-05-10 11:18:24] INFO __main__: Running Phish prediction pipeline...
[2025-05-10 11:18:25] INFO data_loader: Loaded setlist (64273) rows from /Users/connorkitchings/Desktop/Repositories/Concerts/3 - Data/Phish/PhishNet/setlistdata.csv, shows from /Users/connorkitchings/Desktop/Repositories/Concerts/3 - Data/Phish/PhishNet/showdata.csv, songs from /Users/connorkitchings/Desktop/Repositories/Concerts/3 - Data/Phish/PhishNet/songdata.csv
[2025-05-10 11:18:25] INFO __main__: Saved to /Users/connorkitchings/Desktop/Repositories/Concerts/3 - Data/Phish/Predictions/todaysnotebook.csv
[2025-05-10 11:18:25] INFO __main__: Running Goose prediction pipeline...
[2025-05-10 11:18:26] INFO data_loader: Loaded setlist (6434) rows from /Users/connorkitchings/Desktop/Repositories/Concerts/3 - Data/Goose/ElGoose/setlistdata.csv, shows from /Users/connorkitchings/Desktop/Repositories/Concerts/3 - Data/Goose/ElGoose/showdata.csv, songs from /Users/connorkitchings/Desktop/Repositories/Concerts/3 - Data/Goose/ElGoose/songdata.csv
[2025-05-10 11:18:26] INFO __main__: Saved to /Users/connorkitchings/Desktop/Repositories/Concerts/3 - Data/Goose/Predictions/todaysnotebook.csv
[2025-05-10 11:18:26] INFO __main__: Running UM prediction pipeline...
[2025-05-10 11:18:27] INFO __main__: Saved to /Users/connorkitchings/Desktop/Repositories/Concerts/3 - Data/UM/Predictions/todaysnotebook.csv
[2025-05-10 11:18:27] INFO __main__: Running WSP prediction pipeline...
[2025-05-10 11:18:28] INFO data_loader: Loaded setlist (59613) rows from /Users/connorkitchings/Desktop/Repositories/Concerts/3 - Data/WSP/EverydayCompanion/setlistdata.csv, shows from /Users/connorkitchings/Desktop/Repositories/Concerts/3 - Data/WSP/EverydayCompanion/showdata.csv, songs from /Users/connorkitchings/Desktop/Repositories/Concerts/3 - Data/WSP/EverydayCompanion/songdata.csv
[2025-05-10 11:18:28] INFO __main__: Saved to /Users/connorkitchings/Desktop/Repositories/Concerts/3 - Data/WSP/Predictions/todaysnotebook.csv
[2025-05-10 11:18:29] INFO __main__: All band prediction pipelines completed in 4.88 seconds.
[2025-05-10 11:19:02] INFO __main__: Running Phish prediction pipeline...
[2025-05-10 11:19:03] INFO data_loader: Loaded setlist (64273) rows from /Users/connorkitchings/Desktop/Repositories/Concerts/3 - Data/Phish/PhishNet/setlistdata.csv, shows from /Users/connorkitchings/Desktop/Repositories/Concerts/3 - Data/Phish/PhishNet/showdata.csv, songs from /Users/connorkitchings/Desktop/Repositories/Concerts/3 - Data/Phish/PhishNet/songdata.csv
[2025-05-10 11:19:04] INFO __main__: Saved to /Users/connorkitchings/Desktop/Repositories/Concerts/3 - Data/Phish/Predictions/todaysnotebook.csv
[2025-05-10 11:19:04] INFO __main__: Running Goose prediction pipeline...
[2025-05-10 11:19:04] INFO data_loader: Loaded setlist (6434) rows from /Users/connorkitchings/Desktop/Repositories/Concerts/3 - Data/Goose/ElGoose/setlistdata.csv, shows from /Users/connorkitchings/Desktop/Repositories/Concerts/3 - Data/Goose/ElGoose/showdata.csv, songs from /Users/connorkitchings/Desktop/Repositories/Concerts/3 - Data/Goose/ElGoose/songdata.csv
[2025-05-10 11:19:05] INFO __main__: Saved to /Users/connorkitchings/Desktop/Repositories/Concerts/3 - Data/Goose/Predictions/todaysnotebook.csv
[2025-05-10 11:19:05] INFO __main__: Running UM prediction pipeline...
[2025-05-10 11:19:06] INFO __main__: Saved to /Users/connorkitchings/Desktop/Repositories/Concerts/3 - Data/UM/Predictions/todaysnotebook.csv
[2025-05-10 11:19:06] INFO __main__: Running WSP prediction pipeline...
[2025-05-10 11:19:07] INFO data_loader: Loaded setlist (59613) rows from /Users/connorkitchings/Desktop/Repositories/Concerts/3 - Data/WSP/EverydayCompanion/setlistdata.csv, shows from /Users/connorkitchings/Desktop/Repositories/Concerts/3 - Data/WSP/EverydayCompanion/showdata.csv, songs from /Users/connorkitchings/Desktop/Repositories/Concerts/3 - Data/WSP/EverydayCompanion/songdata.csv
[2025-05-10 11:19:07] INFO __main__: Saved to /Users/connorkitchings/Desktop/Repositories/Concerts/3 - Data/WSP/Predictions/todaysnotebook.csv
[2025-05-10 11:19:07] INFO __main__: All band prediction pipelines completed in 5.29 seconds.
[2025-05-10 11:21:13] INFO __main__: Running Phish prediction pipeline...
[2025-05-10 11:21:14] INFO data_loader: Loaded setlist (64,273) rows from /Users/connorkitchings/Desktop/Repositories/Concerts/3 - Data/Phish/PhishNet/setlistdata.csv, shows from /Users/connorkitchings/Desktop/Repositories/Concerts/3 - Data/Phish/PhishNet/showdata.csv, songs from /Users/connorkitchings/Desktop/Repositories/Concerts/3 - Data/Phish/PhishNet/songdata.csv
[2025-05-10 11:21:15] INFO __main__: Saved to /Users/connorkitchings/Desktop/Repositories/Concerts/3 - Data/Phish/Predictions/todaysnotebook.csv
[2025-05-10 11:21:15] INFO __main__: Running Goose prediction pipeline...
[2025-05-10 11:21:15] INFO data_loader: Loaded setlist (6,434) rows from /Users/connorkitchings/Desktop/Repositories/Concerts/3 - Data/Goose/ElGoose/setlistdata.csv, shows from /Users/connorkitchings/Desktop/Repositories/Concerts/3 - Data/Goose/ElGoose/showdata.csv, songs from /Users/connorkitchings/Desktop/Repositories/Concerts/3 - Data/Goose/ElGoose/songdata.csv
[2025-05-10 11:21:15] INFO __main__: Saved to /Users/connorkitchings/Desktop/Repositories/Concerts/3 - Data/Goose/Predictions/todaysnotebook.csv
[2025-05-10 11:21:15] INFO __main__: Running UM prediction pipeline...
[2025-05-10 11:21:16] INFO data_loader: Loaded setlist (46,304) rows from /Users/connorkitchings/Desktop/Repositories/Concerts/3 - Data/UM/AllThingsUM/setlistdata.csv, venues from /Users/connorkitchings/Desktop/Repositories/Concerts/3 - Data/UM/AllThingsUM/venuedata.csv, songs from /Users/connorkitchings/Desktop/Repositories/Concerts/3 - Data/UM/AllThingsUM/songdata.csv
[2025-05-10 11:21:16] INFO __main__: Saved to /Users/connorkitchings/Desktop/Repositories/Concerts/3 - Data/UM/Predictions/todaysnotebook.csv
[2025-05-10 11:21:16] INFO __main__: Running WSP prediction pipeline...
[2025-05-10 11:21:17] INFO data_loader: Loaded setlist (59,613) rows from /Users/connorkitchings/Desktop/Repositories/Concerts/3 - Data/WSP/EverydayCompanion/setlistdata.csv, shows from /Users/connorkitchings/Desktop/Repositories/Concerts/3 - Data/WSP/EverydayCompanion/showdata.csv, songs from /Users/connorkitchings/Desktop/Repositories/Concerts/3 - Data/WSP/EverydayCompanion/songdata.csv
[2025-05-10 11:21:18] INFO __main__: Saved to /Users/connorkitchings/Desktop/Repositories/Concerts/3 - Data/WSP/Predictions/todaysnotebook.csv
[2025-05-10 11:21:18] INFO __main__: All band prediction pipelines completed in 4.87 seconds.
